{"error":"Cannot read properties of undefined (reading 'email')","level":"error","message":"Internal server error in sendDonationConfirmation","timestamp":"2024-12-18 22:25:06"}
{"error":"Cannot read properties of undefined (reading 'email')","level":"error","message":"Internal server error in sendDonationConfirmation","timestamp":"2024-12-18 22:26:32"}
{"error":"Cannot read properties of undefined (reading 'email')","level":"error","message":"Internal server error in sendDonationConfirmation","timestamp":"2024-12-18 22:29:20"}
{"error":"Cannot read properties of undefined (reading 'email')","level":"error","message":"Internal server error in sendDonationConfirmation","timestamp":"2024-12-18 22:29:45"}
{"error":"Cannot read properties of undefined (reading 'email')","level":"error","message":"Internal server error in sendDonationConfirmation","timestamp":"2024-12-18 22:29:46"}
{"error":"Cannot read properties of undefined (reading 'email')","level":"error","message":"Internal server error in sendDonationConfirmation","timestamp":"2024-12-18 22:33:23"}
{"error":"Cannot read properties of undefined (reading 'email')","level":"error","message":"Internal server error in sendWelcomeEmailDonor","timestamp":"2024-12-18 22:33:56"}
{"error":"Cannot read properties of undefined (reading 'email')","level":"error","message":"Internal server error in sendWelcomeEmailDonor","timestamp":"2024-12-18 22:36:26"}
{"error":"Cannot read properties of undefined (reading 'email')","level":"error","message":"Internal server error in sendWelcomeEmailDonor","timestamp":"2024-12-18 22:38:35"}
{"error":"Cannot read properties of undefined (reading 'email')","level":"error","message":"Internal server error in sendWelcomeEmailDonor","timestamp":"2024-12-18 22:40:31"}
{"error":"Cannot read properties of undefined (reading 'email')","level":"error","message":"Internal server error in sendWelcomeEmailDonor","timestamp":"2024-12-18 22:42:22"}
{"error":"Cannot read properties of undefined (reading 'email')","level":"error","message":"Internal server error in sendWelcomeEmailDonor","timestamp":"2024-12-18 22:43:47"}
{"error":"Cannot read properties of undefined (reading 'email')","level":"error","message":"Internal server error in sendWelcomeEmailDonor","timestamp":"2024-12-18 22:43:50"}
{"error":"Cannot read properties of undefined (reading 'email')","level":"error","message":"Internal server error in sendWelcomeEmailDonor","timestamp":"2024-12-18 22:44:47"}
{"error":"Cannot read properties of undefined (reading 'email')","level":"error","message":"Internal server error in sendWelcomeEmailDonor","timestamp":"2024-12-18 22:44:49"}
{"error":"Cannot read properties of undefined (reading 'email')","level":"error","message":"Internal server error in sendWelcomeEmailDonor","timestamp":"2024-12-18 22:44:51"}
{"error":"Cannot read properties of undefined (reading 'email')","level":"error","message":"Internal server error in sendWelcomeEmailDonor","timestamp":"2024-12-18 22:44:52"}
{"error":"Cannot read properties of undefined (reading 'email')","level":"error","message":"Internal server error in sendWelcomeEmailDonor","timestamp":"2024-12-18 22:44:52"}
{"error":"Cannot read properties of undefined (reading 'email')","level":"error","message":"Internal server error in sendWelcomeEmailDonor","timestamp":"2024-12-18 22:44:53"}
{"error":"Cannot read properties of undefined (reading 'email')","level":"error","message":"Internal server error in sendWelcomeEmailDonor","timestamp":"2024-12-18 22:44:53"}
{"error":"Cannot read properties of undefined (reading 'email')","level":"error","message":"Internal server error in sendDonationConfirmation","timestamp":"2024-12-18 22:57:20"}
{"error":"Cannot read properties of undefined (reading 'email')","level":"error","message":"Internal server error in sendDonationConfirmation","timestamp":"2024-12-18 22:58:40"}
{"level":"error","message":"\"to\" object with valid \"email\" and \"name\" is required","timestamp":"2024-12-18 23:00:58"}
{"error":"\"to\" object with valid \"email\" and \"name\" is required","level":"error","message":"Failed to send donation confirmation email","timestamp":"2024-12-18 23:00:58"}
{"level":"error","message":"\"to\" object with valid \"email\" and \"name\" is required","timestamp":"2024-12-18 23:01:29"}
{"error":"\"to\" object with valid \"email\" and \"name\" is required","level":"error","message":"Failed to send donation confirmation email","timestamp":"2024-12-18 23:01:29"}
{"level":"error","message":"\"to\" object with valid \"email\" and \"name\" is required","timestamp":"2024-12-18 23:01:37"}
{"error":"\"to\" object with valid \"email\" and \"name\" is required","level":"error","message":"Failed to send donation confirmation email","timestamp":"2024-12-18 23:01:37"}
{"level":"error","message":"\"to\" object with valid \"email\" and \"name\" is required","timestamp":"2024-12-18 23:04:24"}
{"error":"\"to\" object with valid \"email\" and \"name\" is required","level":"error","message":"Failed to send donation confirmation email","timestamp":"2024-12-18 23:04:24"}
{"level":"info","message":"Incoming request for sendDonationConfirmation","requestBody":{},"timestamp":"2024-12-18 23:04:24"}
{"level":"info","message":"Template \"donationConfirmation.html\" compiled and cached","timestamp":"2024-12-18 23:04:42"}
{"level":"info","message":"Email sent successfully to vinhhuu02@gmail.com","messageId":"6762f29bec3b0a95f235648f","timestamp":"2024-12-18 23:04:43"}
{"level":"info","message":"Donation confirmation email sent successfully","messageId":"6762f29bec3b0a95f235648f","timestamp":"2024-12-18 23:04:43","to":{"email":"vinhhuu02@gmail.com","name":"vinh huu"}}
{"level":"info","message":"Email sent successfully to vinhhuu02@gmail.com","messageId":"6762f2fc9e062b77c5c13da8","timestamp":"2024-12-18 23:06:20"}
{"level":"info","message":"Donation confirmation email sent successfully","messageId":"6762f2fc9e062b77c5c13da8","timestamp":"2024-12-18 23:06:20","to":{"email":"vinhhuu02@gmail.com","name":"vinh huu"}}
{"level":"info","message":"Email sent successfully to vinhhuu02@gmail.com","messageId":"6762f35f6e37777d88d5882b","timestamp":"2024-12-18 23:07:59"}
{"level":"info","message":"Donation confirmation email sent successfully","messageId":"6762f35f6e37777d88d5882b","timestamp":"2024-12-18 23:07:59","to":{"email":"vinhhuu02@gmail.com","name":"vinh huu"}}
{"level":"info","message":"Email sent successfully to vinhhuu02@gmail.com","messageId":"6762f39f931df5894708f6ca","timestamp":"2024-12-18 23:09:03"}
{"level":"info","message":"Donation confirmation email sent successfully","messageId":"6762f39f931df5894708f6ca","timestamp":"2024-12-18 23:09:03","to":{"email":"vinhhuu02@gmail.com","name":"vinh huu"}}
{"level":"info","message":"Template \"welcomeEmailCharity.html\" compiled and cached","timestamp":"2024-12-18 23:16:49"}
{"level":"info","message":"Email sent successfully to vinhhuu02@gmail.com","messageId":"6762f57215f177ec0881fe30","timestamp":"2024-12-18 23:16:50"}
{"level":"info","message":"Welcome email for charity sent successfully","messageId":"6762f57215f177ec0881fe30","timestamp":"2024-12-18 23:16:50","to":{"email":"vinhhuu02@gmail.com","name":"Helping Hands Organization"}}
{"level":"info","message":"Email sent successfully to vinhhuu02@gmail.com","messageId":"6762f5e5ec9be5437ab4b337","timestamp":"2024-12-18 23:18:45"}
{"level":"info","message":"Welcome email for charity sent successfully","messageId":"6762f5e5ec9be5437ab4b337","timestamp":"2024-12-18 23:18:45","to":{"email":"vinhhuu02@gmail.com","name":"Helping Hands Organization"}}
{"level":"info","message":"Template \"welcomeEmailCharity.html\" compiled and cached","timestamp":"2024-12-18 23:20:00"}
{"level":"info","message":"Email sent successfully to vinhhuu02@gmail.com","messageId":"6762f631d15a19d700df344e","timestamp":"2024-12-18 23:20:01"}
{"level":"info","message":"Welcome email for charity sent successfully","messageId":"6762f631d15a19d700df344e","timestamp":"2024-12-18 23:20:01","to":{"email":"vinhhuu02@gmail.com","name":"Helping Hands Organization"}}
{"level":"info","message":"Template \"donationConfirmation.html\" compiled and cached","timestamp":"2024-12-18 23:24:40"}
{"level":"info","message":"Email sent successfully to vinhhuu02@gmail.com","messageId":"6762f74937be1e2b1862bf48","timestamp":"2024-12-18 23:24:41"}
{"level":"info","message":"Donation confirmation email sent successfully","messageId":"6762f74937be1e2b1862bf48","timestamp":"2024-12-18 23:24:41","to":{"email":"vinhhuu02@gmail.com","name":"John Doe"}}
{"level":"info","message":"Email sent successfully to vinhhuu02@gmail.com","messageId":"6762f78ece85f3239189fcc1","timestamp":"2024-12-18 23:25:50"}
{"level":"info","message":"Donation confirmation email sent successfully","messageId":"6762f78ece85f3239189fcc1","timestamp":"2024-12-18 23:25:50","to":{"email":"vinhhuu02@gmail.com","name":"John Doe"}}
{"level":"info","message":"Email sent successfully to vinhhuu02@gmail.com","messageId":"6762f7b76d8ab2e071bda5bc","timestamp":"2024-12-18 23:26:31"}
{"level":"info","message":"Donation confirmation email sent successfully","messageId":"6762f7b76d8ab2e071bda5bc","timestamp":"2024-12-18 23:26:31","to":{"email":"vinhhuu02@gmail.com","name":"John Doe"}}
{"level":"info","message":"Template \"donationConfirmation.html\" compiled and cached","timestamp":"2024-12-18 23:27:34"}
{"level":"info","message":"Email sent successfully to vinhhuu02@gmail.com","messageId":"6762f7f7adfc6383ed83170f","timestamp":"2024-12-18 23:27:35"}
{"level":"info","message":"Donation confirmation email sent successfully","messageId":"6762f7f7adfc6383ed83170f","timestamp":"2024-12-18 23:27:35","to":{"email":"vinhhuu02@gmail.com","name":"John Doe"}}
{"level":"info","message":"Email sent successfully to vinhhuu02@gmail.com","messageId":"6762f8193814a1d2ac3ae176","timestamp":"2024-12-18 23:28:09"}
{"level":"info","message":"Donation confirmation email sent successfully","messageId":"6762f8193814a1d2ac3ae176","timestamp":"2024-12-18 23:28:09","to":{"email":"vinhhuu02@gmail.com","name":"John Doe"}}
{"level":"info","message":"Email sent successfully to vinhhuu02@gmail.com","messageId":"6762f827370b058b8528af8d","timestamp":"2024-12-18 23:28:23"}
{"level":"info","message":"Donation confirmation email sent successfully","messageId":"6762f827370b058b8528af8d","timestamp":"2024-12-18 23:28:23","to":{"email":"vinhhuu02@gmail.com","name":"John Doe"}}
{"level":"info","message":"Template \"donationConfirmation.html\" compiled and cached","timestamp":"2024-12-18 23:29:10"}
{"level":"info","message":"Email sent successfully to vinhhuu02@gmail.com","messageId":"6762f857ad6fb0f6aa55d2d6","timestamp":"2024-12-18 23:29:11"}
{"level":"info","message":"Donation confirmation email sent successfully","messageId":"6762f857ad6fb0f6aa55d2d6","timestamp":"2024-12-18 23:29:11","to":{"email":"vinhhuu02@gmail.com","name":"John Doe"}}
{"level":"info","message":"Template \"donationConfirmation.html\" compiled and cached","timestamp":"2024-12-18 23:30:01"}
{"level":"info","message":"Email sent successfully to vinhhuu02@gmail.com","messageId":"6762f88a29be0357214b2d66","timestamp":"2024-12-18 23:30:02"}
{"level":"info","message":"Donation confirmation email sent successfully","messageId":"6762f88a29be0357214b2d66","timestamp":"2024-12-18 23:30:02","to":{"email":"vinhhuu02@gmail.com","name":"John Doe"}}
{"level":"info","message":"Template \"donationConfirmation.html\" compiled and cached","timestamp":"2024-12-18 23:31:01"}
{"level":"info","message":"Email sent successfully to vinhhuu02@gmail.com","messageId":"6762f8c68de035c07b9eb93a","timestamp":"2024-12-18 23:31:01"}
{"level":"info","message":"Donation confirmation email sent successfully","messageId":"6762f8c68de035c07b9eb93a","timestamp":"2024-12-18 23:31:01","to":{"email":"vinhhuu02@gmail.com","name":"John Doe"}}
