{"error":"Cannot read properties of undefined (reading 'email')","level":"error","message":"Internal server error in sendDonationConfirmation","timestamp":"2024-12-18 22:25:06"}
{"error":"Cannot read properties of undefined (reading 'email')","level":"error","message":"Internal server error in sendDonationConfirmation","timestamp":"2024-12-18 22:26:32"}
{"error":"Cannot read properties of undefined (reading 'email')","level":"error","message":"Internal server error in sendDonationConfirmation","timestamp":"2024-12-18 22:29:20"}
{"error":"Cannot read properties of undefined (reading 'email')","level":"error","message":"Internal server error in sendDonationConfirmation","timestamp":"2024-12-18 22:29:45"}
{"error":"Cannot read properties of undefined (reading 'email')","level":"error","message":"Internal server error in sendDonationConfirmation","timestamp":"2024-12-18 22:29:46"}
{"error":"Cannot read properties of undefined (reading 'email')","level":"error","message":"Internal server error in sendDonationConfirmation","timestamp":"2024-12-18 22:33:23"}
{"error":"Cannot read properties of undefined (reading 'email')","level":"error","message":"Internal server error in sendWelcomeEmailDonor","timestamp":"2024-12-18 22:33:56"}
{"error":"Cannot read properties of undefined (reading 'email')","level":"error","message":"Internal server error in sendWelcomeEmailDonor","timestamp":"2024-12-18 22:36:26"}
{"error":"Cannot read properties of undefined (reading 'email')","level":"error","message":"Internal server error in sendWelcomeEmailDonor","timestamp":"2024-12-18 22:38:35"}
{"error":"Cannot read properties of undefined (reading 'email')","level":"error","message":"Internal server error in sendWelcomeEmailDonor","timestamp":"2024-12-18 22:40:31"}
{"error":"Cannot read properties of undefined (reading 'email')","level":"error","message":"Internal server error in sendWelcomeEmailDonor","timestamp":"2024-12-18 22:42:22"}
{"error":"Cannot read properties of undefined (reading 'email')","level":"error","message":"Internal server error in sendWelcomeEmailDonor","timestamp":"2024-12-18 22:43:47"}
{"error":"Cannot read properties of undefined (reading 'email')","level":"error","message":"Internal server error in sendWelcomeEmailDonor","timestamp":"2024-12-18 22:43:50"}
{"error":"Cannot read properties of undefined (reading 'email')","level":"error","message":"Internal server error in sendWelcomeEmailDonor","timestamp":"2024-12-18 22:44:47"}
{"error":"Cannot read properties of undefined (reading 'email')","level":"error","message":"Internal server error in sendWelcomeEmailDonor","timestamp":"2024-12-18 22:44:49"}
{"error":"Cannot read properties of undefined (reading 'email')","level":"error","message":"Internal server error in sendWelcomeEmailDonor","timestamp":"2024-12-18 22:44:51"}
{"error":"Cannot read properties of undefined (reading 'email')","level":"error","message":"Internal server error in sendWelcomeEmailDonor","timestamp":"2024-12-18 22:44:52"}
{"error":"Cannot read properties of undefined (reading 'email')","level":"error","message":"Internal server error in sendWelcomeEmailDonor","timestamp":"2024-12-18 22:44:52"}
{"error":"Cannot read properties of undefined (reading 'email')","level":"error","message":"Internal server error in sendWelcomeEmailDonor","timestamp":"2024-12-18 22:44:53"}
{"error":"Cannot read properties of undefined (reading 'email')","level":"error","message":"Internal server error in sendWelcomeEmailDonor","timestamp":"2024-12-18 22:44:53"}
{"error":"Cannot read properties of undefined (reading 'email')","level":"error","message":"Internal server error in sendDonationConfirmation","timestamp":"2024-12-18 22:57:20"}
{"error":"Cannot read properties of undefined (reading 'email')","level":"error","message":"Internal server error in sendDonationConfirmation","timestamp":"2024-12-18 22:58:40"}
{"level":"error","message":"\"to\" object with valid \"email\" and \"name\" is required","timestamp":"2024-12-18 23:00:58"}
{"error":"\"to\" object with valid \"email\" and \"name\" is required","level":"error","message":"Failed to send donation confirmation email","timestamp":"2024-12-18 23:00:58"}
{"level":"error","message":"\"to\" object with valid \"email\" and \"name\" is required","timestamp":"2024-12-18 23:01:29"}
{"error":"\"to\" object with valid \"email\" and \"name\" is required","level":"error","message":"Failed to send donation confirmation email","timestamp":"2024-12-18 23:01:29"}
{"level":"error","message":"\"to\" object with valid \"email\" and \"name\" is required","timestamp":"2024-12-18 23:01:37"}
{"error":"\"to\" object with valid \"email\" and \"name\" is required","level":"error","message":"Failed to send donation confirmation email","timestamp":"2024-12-18 23:01:37"}
{"level":"error","message":"\"to\" object with valid \"email\" and \"name\" is required","timestamp":"2024-12-18 23:04:24"}
{"error":"\"to\" object with valid \"email\" and \"name\" is required","level":"error","message":"Failed to send donation confirmation email","timestamp":"2024-12-18 23:04:24"}
{"level":"error","message":"\"to\" object with valid \"email\" and \"name\" is required","timestamp":"2024-12-19 10:34:43","to":"charity@example.com"}
{"error":"\"to\" object with valid \"email\" and \"name\" is required","level":"error","message":"Failed to send donation confirmation email","timestamp":"2024-12-19 10:34:43","to":"charity@example.com"}
{"level":"error","message":"\"to\" object with valid \"email\" and \"name\" is required","timestamp":"2024-12-19 11:19:13"}
{"error":"\"to\" object with valid \"email\" and \"name\" is required","level":"error","message":"Failed to send donation confirmation email","timestamp":"2024-12-19 11:19:13"}
{"level":"error","message":"\"to\" object with valid \"email\" and \"name\" is required","timestamp":"2024-12-19 11:20:22"}
{"error":"\"to\" object with valid \"email\" and \"name\" is required","level":"error","message":"Failed to send donation confirmation email","timestamp":"2024-12-19 11:20:22"}
